<?xml version="1.0" encoding="UTF-8"?>
<!-- Generated by org.testng.reporters.JUnitReportReporter -->
<testsuite hostname="DESKTOP-1AV5OIR" failures="0" tests="1" name="paralleltest.Test1" time="13.396" errors="0" timestamp="15 Mar 2024 14:24:47 GMT" skipped="0">
  <testcase classname="paralleltest.Test1" name="frame" time="13.396"/>
</testsuite> <!-- paralleltest.Test1 -->
