<?xml version="1.0" encoding="UTF-8"?>
<!-- Generated by org.testng.reporters.JUnitReportReporter -->
<testsuite hostname="DESKTOP-1AV5OIR" failures="0" tests="3" name="parralelrun.Test3" time="0.014" errors="0" timestamp="09 May 2024 02:43:44 GMT" skipped="0">
  <testcase classname="parralelrun.Test3" name="method2" time="0.006"/>
  <testcase classname="parralelrun.Test3" name="method3" time="0.004"/>
  <testcase classname="parralelrun.Test3" name="method1" time="0.004"/>
</testsuite> <!-- parralelrun.Test3 -->
