<?xml version="1.0" encoding="UTF-8"?>
<!-- Generated by org.testng.reporters.JUnitReportReporter -->
<testsuite hostname="DESKTOP-1AV5OIR" failures="0" tests="1" name="newstart.excelsheetpro" time="1.671" errors="0" timestamp="08 May 2024 04:04:06 GMT" skipped="0">
  <testcase classname="newstart.excelsheetpro" name="f" time="1.671"/>
</testsuite> <!-- newstart.excelsheetpro -->
