<?xml version="1.0" encoding="UTF-8"?>
<!-- Generated by org.testng.reporters.JUnitReportReporter -->
<testsuite hostname="DESKTOP-1AV5OIR" failures="0" tests="1" name="parralelrun.Test2" time="14.548" errors="0" timestamp="09 May 2024 03:05:42 GMT" skipped="0">
  <testcase classname="parralelrun.Test2" name="running" time="14.548"/>
</testsuite> <!-- parralelrun.Test2 -->
