<?xml version="1.0" encoding="UTF-8"?>
<!-- Generated by org.testng.reporters.JUnitReportReporter -->
<testsuite hostname="DESKTOP-1AV5OIR" failures="0" tests="2" name="newstart.trail" time="17.455" errors="0" timestamp="09 May 2024 04:11:23 GMT" skipped="0">
  <testcase classname="newstart.trail" name="urlmethod" time="10.763"/>
  <testcase classname="newstart.trail" name="urlmethod" time="6.692"/>
</testsuite> <!-- newstart.trail -->
