<?xml version="1.0" encoding="UTF-8"?>
<!-- Generated by org.testng.reporters.JUnitReportReporter -->
<testsuite hostname="DESKTOP-1AV5OIR" failures="0" tests="2" name="paralleltest.test3" time="0.023" errors="0" timestamp="15 Mar 2024 15:46:12 GMT" skipped="0">
  <testcase classname="paralleltest.test3" name="h" time="0.006"/>
  <testcase classname="paralleltest.test3" name="f" time="0.017"/>
</testsuite> <!-- paralleltest.test3 -->
