<?xml version="1.0" encoding="UTF-8"?>
<!-- Generated by org.testng.reporters.JUnitReportReporter -->
<testsuite hostname="DESKTOP-1AV5OIR" failures="0" tests="3" name="test1233.product" time="14.866" errors="0" timestamp="27 Feb 2024 10:32:08 GMT" skipped="2">
  <testcase classname="test1233.product" name="check_title" time="14.866"/>
  <testcase classname="test1233.product" name="langcheck" time="0.000">
    <skipped/>
  </testcase> <!-- langcheck -->
  <testcase classname="test1233.product" name="select_product" time="0.000">
    <skipped/>
  </testcase> <!-- select_product -->
</testsuite> <!-- test1233.product -->
