<?xml version="1.0" encoding="UTF-8"?>
<!-- Generated by org.testng.reporters.JUnitReportReporter -->
<testsuite hostname="DESKTOP-1AV5OIR" failures="0" tests="1" name="paralleltest.Test2" time="15.586" errors="0" timestamp="15 Mar 2024 14:24:47 GMT" skipped="0">
  <testcase classname="paralleltest.Test2" name="frame" time="15.586"/>
</testsuite> <!-- paralleltest.Test2 -->
